2018-01-29 00:53:34 INFO  Main:22 - Application is starting...
2018-01-29 00:53:34 INFO  FileParser:44 - Starting to parse the file : src/main/resources/dataFileWithCollision.txt
2018-01-29 00:53:34 INFO  FileParser:70 - The file has been correctly parsed src/main/resources/dataFileWithCollision.txt : {lawnDimensions=5 5, 2 2 N=DADA, 3 2 N=GGADAGA, 6 2 S=GADGAD}
2018-01-29 00:53:34 INFO  Simulation:40 - Initializing lawn...
2018-01-29 00:53:34 INFO  Simulation:42 - Lawn initialized : [5,5]
2018-01-29 00:53:34 INFO  Simulation:43 - Initializing mower list...
2018-01-29 00:53:34 INFO  Simulation:94 - The mower at position x=6 and y=2 is out of bounds. Do not add to the list.
2018-01-29 00:53:34 INFO  Simulation:45 - List of mowers initialized : [Mower #1 : 2 2 NORTH - DADA, Mower #2 : 3 2 NORTH - GGADAGA]
2018-01-29 00:53:34 INFO  Simulation:52 - Placing the different mowers on the lawn...
2018-01-29 00:53:34 INFO  Simulation:55 - All mowers have been placed on the lawn.
2018-01-29 00:53:34 INFO  Simulation:56 - Start movement of the mowers !
2018-01-29 00:53:34 INFO  AutomaticMower:103 - The final destination of this mower is Mower #1 : 2 1 SOUTH - DADA
2018-01-29 00:53:34 INFO  AutomaticMower:103 - The final destination of this mower is Mower #2 : 3 0 SOUTH - GGADAGA
2018-01-29 00:53:34 INFO  Simulation:58 - All mowers have arrived at destination.
2018-01-29 00:53:34 INFO  Main:30 - Application is ending...
2018-01-29 00:54:48 INFO  Main:22 - Application is starting...
2018-01-29 00:54:48 INFO  FileParser:44 - Starting to parse the file : src/main/resources/dataFileWithCollision.txt
2018-01-29 00:54:48 INFO  FileParser:70 - The file has been correctly parsed src/main/resources/dataFileWithCollision.txt : {lawnDimensions=5 5, 2 2 N=DADA, 3 2 N=GGADAGA, 6 2 S=GADGAD}
2018-01-29 00:54:48 INFO  Simulation:40 - Initializing lawn...
2018-01-29 00:54:48 INFO  Simulation:42 - Lawn initialized : [5,5]
2018-01-29 00:54:48 INFO  Simulation:43 - Initializing mower list...
2018-01-29 00:54:49 INFO  Simulation:94 - The mower at position x=6 and y=2 is out of bounds. Do not add to the list.
2018-01-29 00:54:49 INFO  Simulation:45 - List of mowers initialized : [Mower #1 : 2 2 NORTH - DADA, Mower #2 : 3 2 NORTH - GGADAGA]
2018-01-29 00:54:49 INFO  Simulation:52 - Placing the different mowers on the lawn...
2018-01-29 00:54:49 INFO  Simulation:55 - All mowers have been placed on the lawn.
2018-01-29 00:54:49 INFO  Simulation:56 - Start movement of the mowers !
2018-01-29 00:54:49 INFO  AutomaticMower:103 - The final destination of this mower is Mower #1 : 2 1 SOUTH - DADA
2018-01-29 00:54:49 INFO  AutomaticMower:103 - The final destination of this mower is Mower #2 : 3 0 SOUTH - GGADAGA
2018-01-29 00:54:49 INFO  Simulation:58 - All mowers have arrived at destination.
2018-01-29 00:54:49 INFO  Main:30 - Application is ending...
